<?xml version="1.0" encoding="UTF-8"?>
<!-- Generated by org.testng.reporters.JUnitReportReporter -->
<testsuite hostname="LAPTOP-1UNUKR91" failures="0" tests="1" name="testscript.AdminUsersSearchTest" time="5.400" errors="0" timestamp="2024-08-23T00:48:40 IST" skipped="0">
  <testcase classname="testscript.AdminUsersSearchTest" name="adminUsersSearch" time="5.400"/>
  <system-out/>
</testsuite> <!-- testscript.AdminUsersSearchTest -->
