<?xml version="1.0" encoding="UTF-8"?>
<!-- Generated by org.testng.reporters.JUnitReportReporter -->
<testsuite hostname="LAPTOP-1UNUKR91" failures="0" tests="1" name="testscript.LoginPageTest" time="4.643" errors="0" timestamp="2024-08-12T08:09:29 IST" skipped="0">
  <testcase classname="testscript.LoginPageTest" name="verifyEnterValidUsernameandPassword" time="4.643"/>
  <system-out/>
</testsuite> <!-- testscript.LoginPageTest -->
