<?xml version="1.0" encoding="UTF-8"?>
<!-- Generated by org.testng.reporters.JUnitReportReporter -->
<testsuite hostname="LAPTOP-1UNUKR91" failures="0" tests="1" name="testscript.ManageNewsEditTest" time="9.604" errors="0" timestamp="2024-08-23T07:19:58 IST" skipped="0">
  <testcase classname="testscript.ManageNewsEditTest" name="manageNewsEdit" time="9.604"/>
  <system-out/>
</testsuite> <!-- testscript.ManageNewsEditTest -->
